<?xml version="1.0" encoding="UTF-8"?>
<testsuite xmlns:xsi="http://www.w3.org/2001/XMLSchema-instance" xsi:noNamespaceSchemaLocation="https://maven.apache.org/surefire/maven-surefire-plugin/xsd/surefire-test-report-3.0.xsd" version="3.0" name="com.project.app.booking.BookingAppApplicationTests" time="12.996" tests="1" errors="0" skipped="0" failures="0">
  <properties>
    <property name="java.specification.version" value="17"/>
    <property name="sun.cpu.isalist" value="amd64"/>
    <property name="sun.jnu.encoding" value="Cp1252"/>
    <property name="java.class.path" value="D:\master\cloud platform programming\CPP-project\booking-app\booking-app\target\test-classes;D:\master\cloud platform programming\CPP-project\booking-app\booking-app\target\classes;C:\Users\Johns-Thomas\.m2\repository\org\springframework\boot\spring-boot-starter-data-jpa\3.1.5\spring-boot-starter-data-jpa-3.1.5.jar;C:\Users\Johns-Thomas\.m2\repository\org\springframework\boot\spring-boot-starter-aop\3.1.5\spring-boot-starter-aop-3.1.5.jar;C:\Users\Johns-Thomas\.m2\repository\org\aspectj\aspectjweaver\1.9.20\aspectjweaver-1.9.20.jar;C:\Users\Johns-Thomas\.m2\repository\org\springframework\boot\spring-boot-starter-jdbc\3.1.5\spring-boot-starter-jdbc-3.1.5.jar;C:\Users\Johns-Thomas\.m2\repository\com\zaxxer\HikariCP\5.0.1\HikariCP-5.0.1.jar;C:\Users\Johns-Thomas\.m2\repository\org\springframework\spring-jdbc\6.0.13\spring-jdbc-6.0.13.jar;C:\Users\Johns-Thomas\.m2\repository\org\hibernate\orm\hibernate-core\6.2.13.Final\hibernate-core-6.2.13.Final.jar;C:\Users\Johns-Thomas\.m2\repository\jakarta\persistence\jakarta.persistence-api\3.1.0\jakarta.persistence-api-3.1.0.jar;C:\Users\Johns-Thomas\.m2\repository\jakarta\transaction\jakarta.transaction-api\2.0.1\jakarta.transaction-api-2.0.1.jar;C:\Users\Johns-Thomas\.m2\repository\org\jboss\logging\jboss-logging\3.5.3.Final\jboss-logging-3.5.3.Final.jar;C:\Users\Johns-Thomas\.m2\repository\org\hibernate\common\hibernate-commons-annotations\6.0.6.Final\hibernate-commons-annotations-6.0.6.Final.jar;C:\Users\Johns-Thomas\.m2\repository\io\smallrye\jandex\3.0.5\jandex-3.0.5.jar;C:\Users\Johns-Thomas\.m2\repository\com\fasterxml\classmate\1.5.1\classmate-1.5.1.jar;C:\Users\Johns-Thomas\.m2\repository\net\bytebuddy\byte-buddy\1.14.9\byte-buddy-1.14.9.jar;C:\Users\Johns-Thomas\.m2\repository\org\glassfish\jaxb\jaxb-runtime\4.0.3\jaxb-runtime-4.0.3.jar;C:\Users\Johns-Thomas\.m2\repository\org\glassfish\jaxb\jaxb-core\4.0.3\jaxb-core-4.0.3.jar;C:\Users\Johns-Thomas\.m2\repository\org\eclipse\angus\angus-activation\2.0.1\angus-activation-2.0.1.jar;C:\Users\Johns-Thomas\.m2\repository\org\glassfish\jaxb\txw2\4.0.3\txw2-4.0.3.jar;C:\Users\Johns-Thomas\.m2\repository\com\sun\istack\istack-commons-runtime\4.1.2\istack-commons-runtime-4.1.2.jar;C:\Users\Johns-Thomas\.m2\repository\jakarta\inject\jakarta.inject-api\2.0.1\jakarta.inject-api-2.0.1.jar;C:\Users\Johns-Thomas\.m2\repository\org\antlr\antlr4-runtime\4.10.1\antlr4-runtime-4.10.1.jar;C:\Users\Johns-Thomas\.m2\repository\org\springframework\data\spring-data-jpa\3.1.5\spring-data-jpa-3.1.5.jar;C:\Users\Johns-Thomas\.m2\repository\org\springframework\data\spring-data-commons\3.1.5\spring-data-commons-3.1.5.jar;C:\Users\Johns-Thomas\.m2\repository\org\springframework\spring-orm\6.0.13\spring-orm-6.0.13.jar;C:\Users\Johns-Thomas\.m2\repository\org\springframework\spring-context\6.0.13\spring-context-6.0.13.jar;C:\Users\Johns-Thomas\.m2\repository\org\springframework\spring-tx\6.0.13\spring-tx-6.0.13.jar;C:\Users\Johns-Thomas\.m2\repository\org\springframework\spring-beans\6.0.13\spring-beans-6.0.13.jar;C:\Users\Johns-Thomas\.m2\repository\jakarta\annotation\jakarta.annotation-api\2.1.1\jakarta.annotation-api-2.1.1.jar;C:\Users\Johns-Thomas\.m2\repository\org\slf4j\slf4j-api\2.0.9\slf4j-api-2.0.9.jar;C:\Users\Johns-Thomas\.m2\repository\org\springframework\spring-aspects\6.0.13\spring-aspects-6.0.13.jar;C:\Users\Johns-Thomas\.m2\repository\org\springframework\boot\spring-boot-starter-web\3.1.5\spring-boot-starter-web-3.1.5.jar;C:\Users\Johns-Thomas\.m2\repository\org\springframework\boot\spring-boot-starter\3.1.5\spring-boot-starter-3.1.5.jar;C:\Users\Johns-Thomas\.m2\repository\org\springframework\boot\spring-boot-starter-logging\3.1.5\spring-boot-starter-logging-3.1.5.jar;C:\Users\Johns-Thomas\.m2\repository\ch\qos\logback\logback-classic\1.4.11\logback-classic-1.4.11.jar;C:\Users\Johns-Thomas\.m2\repository\ch\qos\logback\logback-core\1.4.11\logback-core-1.4.11.jar;C:\Users\Johns-Thomas\.m2\repository\org\apache\logging\log4j\log4j-to-slf4j\2.20.0\log4j-to-slf4j-2.20.0.jar;C:\Users\Johns-Thomas\.m2\repository\org\apache\logging\log4j\log4j-api\2.20.0\log4j-api-2.20.0.jar;C:\Users\Johns-Thomas\.m2\repository\org\slf4j\jul-to-slf4j\2.0.9\jul-to-slf4j-2.0.9.jar;C:\Users\Johns-Thomas\.m2\repository\org\yaml\snakeyaml\1.33\snakeyaml-1.33.jar;C:\Users\Johns-Thomas\.m2\repository\org\springframework\boot\spring-boot-starter-json\3.1.5\spring-boot-starter-json-3.1.5.jar;C:\Users\Johns-Thomas\.m2\repository\com\fasterxml\jackson\datatype\jackson-datatype-jdk8\2.15.3\jackson-datatype-jdk8-2.15.3.jar;C:\Users\Johns-Thomas\.m2\repository\com\fasterxml\jackson\datatype\jackson-datatype-jsr310\2.15.3\jackson-datatype-jsr310-2.15.3.jar;C:\Users\Johns-Thomas\.m2\repository\com\fasterxml\jackson\module\jackson-module-parameter-names\2.15.3\jackson-module-parameter-names-2.15.3.jar;C:\Users\Johns-Thomas\.m2\repository\org\springframework\boot\spring-boot-starter-tomcat\3.1.5\spring-boot-starter-tomcat-3.1.5.jar;C:\Users\Johns-Thomas\.m2\repository\org\apache\tomcat\embed\tomcat-embed-core\10.1.15\tomcat-embed-core-10.1.15.jar;C:\Users\Johns-Thomas\.m2\repository\org\apache\tomcat\embed\tomcat-embed-el\10.1.15\tomcat-embed-el-10.1.15.jar;C:\Users\Johns-Thomas\.m2\repository\org\apache\tomcat\embed\tomcat-embed-websocket\10.1.15\tomcat-embed-websocket-10.1.15.jar;C:\Users\Johns-Thomas\.m2\repository\org\springframework\spring-web\6.0.13\spring-web-6.0.13.jar;C:\Users\Johns-Thomas\.m2\repository\io\micrometer\micrometer-observation\1.11.5\micrometer-observation-1.11.5.jar;C:\Users\Johns-Thomas\.m2\repository\io\micrometer\micrometer-commons\1.11.5\micrometer-commons-1.11.5.jar;C:\Users\Johns-Thomas\.m2\repository\org\springframework\spring-webmvc\6.0.13\spring-webmvc-6.0.13.jar;C:\Users\Johns-Thomas\.m2\repository\org\springframework\spring-expression\6.0.13\spring-expression-6.0.13.jar;C:\Users\Johns-Thomas\.m2\repository\org\springframework\boot\spring-boot-starter-security\3.1.5\spring-boot-starter-security-3.1.5.jar;C:\Users\Johns-Thomas\.m2\repository\org\springframework\spring-aop\6.0.13\spring-aop-6.0.13.jar;C:\Users\Johns-Thomas\.m2\repository\org\springframework\security\spring-security-config\6.1.5\spring-security-config-6.1.5.jar;C:\Users\Johns-Thomas\.m2\repository\org\springframework\security\spring-security-web\6.1.5\spring-security-web-6.1.5.jar;C:\Users\Johns-Thomas\.m2\repository\org\postgresql\postgresql\42.6.0\postgresql-42.6.0.jar;C:\Users\Johns-Thomas\.m2\repository\org\checkerframework\checker-qual\3.31.0\checker-qual-3.31.0.jar;C:\Users\Johns-Thomas\.m2\repository\org\springframework\boot\spring-boot-devtools\3.1.5\spring-boot-devtools-3.1.5.jar;C:\Users\Johns-Thomas\.m2\repository\org\springframework\boot\spring-boot\3.1.5\spring-boot-3.1.5.jar;C:\Users\Johns-Thomas\.m2\repository\org\springframework\boot\spring-boot-autoconfigure\3.1.5\spring-boot-autoconfigure-3.1.5.jar;C:\Users\Johns-Thomas\.m2\repository\org\projectlombok\lombok\1.18.30\lombok-1.18.30.jar;C:\Users\Johns-Thomas\.m2\repository\org\springframework\boot\spring-boot-starter-test\3.1.5\spring-boot-starter-test-3.1.5.jar;C:\Users\Johns-Thomas\.m2\repository\org\springframework\boot\spring-boot-test\3.1.5\spring-boot-test-3.1.5.jar;C:\Users\Johns-Thomas\.m2\repository\org\springframework\boot\spring-boot-test-autoconfigure\3.1.5\spring-boot-test-autoconfigure-3.1.5.jar;C:\Users\Johns-Thomas\.m2\repository\com\jayway\jsonpath\json-path\2.8.0\json-path-2.8.0.jar;C:\Users\Johns-Thomas\.m2\repository\jakarta\xml\bind\jakarta.xml.bind-api\4.0.1\jakarta.xml.bind-api-4.0.1.jar;C:\Users\Johns-Thomas\.m2\repository\jakarta\activation\jakarta.activation-api\2.1.2\jakarta.activation-api-2.1.2.jar;C:\Users\Johns-Thomas\.m2\repository\net\minidev\json-smart\2.4.11\json-smart-2.4.11.jar;C:\Users\Johns-Thomas\.m2\repository\net\minidev\accessors-smart\2.4.11\accessors-smart-2.4.11.jar;C:\Users\Johns-Thomas\.m2\repository\org\ow2\asm\asm\9.3\asm-9.3.jar;C:\Users\Johns-Thomas\.m2\repository\org\assertj\assertj-core\3.24.2\assertj-core-3.24.2.jar;C:\Users\Johns-Thomas\.m2\repository\org\hamcrest\hamcrest\2.2\hamcrest-2.2.jar;C:\Users\Johns-Thomas\.m2\repository\org\junit\jupiter\junit-jupiter\5.9.3\junit-jupiter-5.9.3.jar;C:\Users\Johns-Thomas\.m2\repository\org\junit\jupiter\junit-jupiter-api\5.9.3\junit-jupiter-api-5.9.3.jar;C:\Users\Johns-Thomas\.m2\repository\org\opentest4j\opentest4j\1.2.0\opentest4j-1.2.0.jar;C:\Users\Johns-Thomas\.m2\repository\org\junit\platform\junit-platform-commons\1.9.3\junit-platform-commons-1.9.3.jar;C:\Users\Johns-Thomas\.m2\repository\org\apiguardian\apiguardian-api\1.1.2\apiguardian-api-1.1.2.jar;C:\Users\Johns-Thomas\.m2\repository\org\junit\jupiter\junit-jupiter-params\5.9.3\junit-jupiter-params-5.9.3.jar;C:\Users\Johns-Thomas\.m2\repository\org\junit\jupiter\junit-jupiter-engine\5.9.3\junit-jupiter-engine-5.9.3.jar;C:\Users\Johns-Thomas\.m2\repository\org\junit\platform\junit-platform-engine\1.9.3\junit-platform-engine-1.9.3.jar;C:\Users\Johns-Thomas\.m2\repository\org\mockito\mockito-core\5.3.1\mockito-core-5.3.1.jar;C:\Users\Johns-Thomas\.m2\repository\net\bytebuddy\byte-buddy-agent\1.14.9\byte-buddy-agent-1.14.9.jar;C:\Users\Johns-Thomas\.m2\repository\org\objenesis\objenesis\3.3\objenesis-3.3.jar;C:\Users\Johns-Thomas\.m2\repository\org\mockito\mockito-junit-jupiter\5.3.1\mockito-junit-jupiter-5.3.1.jar;C:\Users\Johns-Thomas\.m2\repository\org\skyscreamer\jsonassert\1.5.1\jsonassert-1.5.1.jar;C:\Users\Johns-Thomas\.m2\repository\com\vaadin\external\google\android-json\0.0.20131108.vaadin1\android-json-0.0.20131108.vaadin1.jar;C:\Users\Johns-Thomas\.m2\repository\org\springframework\spring-core\6.0.13\spring-core-6.0.13.jar;C:\Users\Johns-Thomas\.m2\repository\org\springframework\spring-jcl\6.0.13\spring-jcl-6.0.13.jar;C:\Users\Johns-Thomas\.m2\repository\org\springframework\spring-test\6.0.13\spring-test-6.0.13.jar;C:\Users\Johns-Thomas\.m2\repository\org\xmlunit\xmlunit-core\2.9.1\xmlunit-core-2.9.1.jar;C:\Users\Johns-Thomas\.m2\repository\org\springframework\security\spring-security-test\6.1.5\spring-security-test-6.1.5.jar;C:\Users\Johns-Thomas\.m2\repository\org\springframework\security\spring-security-core\6.1.5\spring-security-core-6.1.5.jar;C:\Users\Johns-Thomas\.m2\repository\org\springframework\security\spring-security-crypto\6.1.5\spring-security-crypto-6.1.5.jar;C:\Users\Johns-Thomas\.m2\repository\io\jsonwebtoken\jjwt-api\0.11.5\jjwt-api-0.11.5.jar;C:\Users\Johns-Thomas\.m2\repository\io\jsonwebtoken\jjwt-impl\0.11.5\jjwt-impl-0.11.5.jar;C:\Users\Johns-Thomas\.m2\repository\io\jsonwebtoken\jjwt-jackson\0.11.5\jjwt-jackson-0.11.5.jar;C:\Users\Johns-Thomas\.m2\repository\com\fasterxml\jackson\core\jackson-databind\2.15.3\jackson-databind-2.15.3.jar;C:\Users\Johns-Thomas\.m2\repository\com\fasterxml\jackson\core\jackson-annotations\2.15.3\jackson-annotations-2.15.3.jar;C:\Users\Johns-Thomas\.m2\repository\com\fasterxml\jackson\core\jackson-core\2.15.3\jackson-core-2.15.3.jar;D:\master\cloud platform programming\CPP-project\booking-app\booking-app\libs\aws-utility-1.0-SNAPSHOT.jar;C:\Users\Johns-Thomas\.m2\repository\software\amazon\awssdk\s3\2.21.19\s3-2.21.19.jar;C:\Users\Johns-Thomas\.m2\repository\software\amazon\awssdk\aws-xml-protocol\2.21.19\aws-xml-protocol-2.21.19.jar;C:\Users\Johns-Thomas\.m2\repository\software\amazon\awssdk\protocol-core\2.21.19\protocol-core-2.21.19.jar;C:\Users\Johns-Thomas\.m2\repository\software\amazon\awssdk\arns\2.21.19\arns-2.21.19.jar;C:\Users\Johns-Thomas\.m2\repository\software\amazon\awssdk\profiles\2.21.19\profiles-2.21.19.jar;C:\Users\Johns-Thomas\.m2\repository\software\amazon\awssdk\crt-core\2.21.19\crt-core-2.21.19.jar;C:\Users\Johns-Thomas\.m2\repository\software\amazon\awssdk\http-auth\2.21.19\http-auth-2.21.19.jar;C:\Users\Johns-Thomas\.m2\repository\software\amazon\awssdk\identity-spi\2.21.19\identity-spi-2.21.19.jar;C:\Users\Johns-Thomas\.m2\repository\software\amazon\awssdk\http-auth-spi\2.21.19\http-auth-spi-2.21.19.jar;C:\Users\Johns-Thomas\.m2\repository\org\reactivestreams\reactive-streams\1.0.4\reactive-streams-1.0.4.jar;C:\Users\Johns-Thomas\.m2\repository\software\amazon\awssdk\http-auth-aws\2.21.19\http-auth-aws-2.21.19.jar;C:\Users\Johns-Thomas\.m2\repository\software\amazon\awssdk\checksums-spi\2.21.19\checksums-spi-2.21.19.jar;C:\Users\Johns-Thomas\.m2\repository\software\amazon\awssdk\checksums\2.21.19\checksums-2.21.19.jar;C:\Users\Johns-Thomas\.m2\repository\software\amazon\awssdk\sdk-core\2.21.19\sdk-core-2.21.19.jar;C:\Users\Johns-Thomas\.m2\repository\software\amazon\awssdk\auth\2.21.19\auth-2.21.19.jar;C:\Users\Johns-Thomas\.m2\repository\software\amazon\eventstream\eventstream\1.0.1\eventstream-1.0.1.jar;C:\Users\Johns-Thomas\.m2\repository\software\amazon\awssdk\http-client-spi\2.21.19\http-client-spi-2.21.19.jar;C:\Users\Johns-Thomas\.m2\repository\software\amazon\awssdk\regions\2.21.19\regions-2.21.19.jar;C:\Users\Johns-Thomas\.m2\repository\software\amazon\awssdk\annotations\2.21.19\annotations-2.21.19.jar;C:\Users\Johns-Thomas\.m2\repository\software\amazon\awssdk\utils\2.21.19\utils-2.21.19.jar;C:\Users\Johns-Thomas\.m2\repository\software\amazon\awssdk\aws-core\2.21.19\aws-core-2.21.19.jar;C:\Users\Johns-Thomas\.m2\repository\software\amazon\awssdk\metrics-spi\2.21.19\metrics-spi-2.21.19.jar;C:\Users\Johns-Thomas\.m2\repository\software\amazon\awssdk\json-utils\2.21.19\json-utils-2.21.19.jar;C:\Users\Johns-Thomas\.m2\repository\software\amazon\awssdk\third-party-jackson-core\2.21.19\third-party-jackson-core-2.21.19.jar;C:\Users\Johns-Thomas\.m2\repository\software\amazon\awssdk\endpoints-spi\2.21.19\endpoints-spi-2.21.19.jar;C:\Users\Johns-Thomas\.m2\repository\software\amazon\awssdk\apache-client\2.21.19\apache-client-2.21.19.jar;C:\Users\Johns-Thomas\.m2\repository\org\apache\httpcomponents\httpclient\4.5.13\httpclient-4.5.13.jar;C:\Users\Johns-Thomas\.m2\repository\commons-logging\commons-logging\1.2\commons-logging-1.2.jar;C:\Users\Johns-Thomas\.m2\repository\org\apache\httpcomponents\httpcore\4.4.16\httpcore-4.4.16.jar;C:\Users\Johns-Thomas\.m2\repository\commons-codec\commons-codec\1.15\commons-codec-1.15.jar;C:\Users\Johns-Thomas\.m2\repository\software\amazon\awssdk\netty-nio-client\2.21.19\netty-nio-client-2.21.19.jar;C:\Users\Johns-Thomas\.m2\repository\io\netty\netty-codec-http\4.1.100.Final\netty-codec-http-4.1.100.Final.jar;C:\Users\Johns-Thomas\.m2\repository\io\netty\netty-codec-http2\4.1.100.Final\netty-codec-http2-4.1.100.Final.jar;C:\Users\Johns-Thomas\.m2\repository\io\netty\netty-codec\4.1.100.Final\netty-codec-4.1.100.Final.jar;C:\Users\Johns-Thomas\.m2\repository\io\netty\netty-transport\4.1.100.Final\netty-transport-4.1.100.Final.jar;C:\Users\Johns-Thomas\.m2\repository\io\netty\netty-common\4.1.100.Final\netty-common-4.1.100.Final.jar;C:\Users\Johns-Thomas\.m2\repository\io\netty\netty-buffer\4.1.100.Final\netty-buffer-4.1.100.Final.jar;C:\Users\Johns-Thomas\.m2\repository\io\netty\netty-handler\4.1.100.Final\netty-handler-4.1.100.Final.jar;C:\Users\Johns-Thomas\.m2\repository\io\netty\netty-transport-native-unix-common\4.1.100.Final\netty-transport-native-unix-common-4.1.100.Final.jar;C:\Users\Johns-Thomas\.m2\repository\io\netty\netty-transport-classes-epoll\4.1.100.Final\netty-transport-classes-epoll-4.1.100.Final.jar;C:\Users\Johns-Thomas\.m2\repository\io\netty\netty-resolver\4.1.100.Final\netty-resolver-4.1.100.Final.jar;C:\Users\Johns-Thomas\.m2\repository\software\amazon\awssdk\sqs\2.21.19\sqs-2.21.19.jar;C:\Users\Johns-Thomas\.m2\repository\software\amazon\awssdk\aws-json-protocol\2.21.19\aws-json-protocol-2.21.19.jar;C:\Users\Johns-Thomas\.m2\repository\software\amazon\awssdk\sns\2.21.19\sns-2.21.19.jar;C:\Users\Johns-Thomas\.m2\repository\software\amazon\awssdk\aws-query-protocol\2.21.19\aws-query-protocol-2.21.19.jar;"/>
    <property name="java.vm.vendor" value="Oracle Corporation"/>
    <property name="sun.arch.data.model" value="64"/>
    <property name="user.variant" value=""/>
    <property name="java.vendor.url" value="https://java.oracle.com/"/>
    <property name="user.timezone" value="Europe/Dublin"/>
    <property name="org.jboss.logging.provider" value="slf4j"/>
    <property name="os.name" value="Windows 11"/>
    <property name="java.vm.specification.version" value="17"/>
    <property name="sun.java.launcher" value="SUN_STANDARD"/>
    <property name="user.country" value="IN"/>
    <property name="sun.boot.library.path" value="C:\Program Files\Java\jdk-17\bin"/>
    <property name="sun.java.command" value="C:\Users\Johns-Thomas\AppData\Local\Temp\surefire17674889949893710417\surefirebooter-20231128141446688_3.jar C:\Users\Johns-Thomas\AppData\Local\Temp\surefire17674889949893710417 2023-11-28T14-14-46_499-jvmRun1 surefire-20231128141446688_1tmp surefire_0-20231128141446688_2tmp"/>
    <property name="jdk.debug" value="release"/>
    <property name="surefire.test.class.path" value="D:\master\cloud platform programming\CPP-project\booking-app\booking-app\target\test-classes;D:\master\cloud platform programming\CPP-project\booking-app\booking-app\target\classes;C:\Users\Johns-Thomas\.m2\repository\org\springframework\boot\spring-boot-starter-data-jpa\3.1.5\spring-boot-starter-data-jpa-3.1.5.jar;C:\Users\Johns-Thomas\.m2\repository\org\springframework\boot\spring-boot-starter-aop\3.1.5\spring-boot-starter-aop-3.1.5.jar;C:\Users\Johns-Thomas\.m2\repository\org\aspectj\aspectjweaver\1.9.20\aspectjweaver-1.9.20.jar;C:\Users\Johns-Thomas\.m2\repository\org\springframework\boot\spring-boot-starter-jdbc\3.1.5\spring-boot-starter-jdbc-3.1.5.jar;C:\Users\Johns-Thomas\.m2\repository\com\zaxxer\HikariCP\5.0.1\HikariCP-5.0.1.jar;C:\Users\Johns-Thomas\.m2\repository\org\springframework\spring-jdbc\6.0.13\spring-jdbc-6.0.13.jar;C:\Users\Johns-Thomas\.m2\repository\org\hibernate\orm\hibernate-core\6.2.13.Final\hibernate-core-6.2.13.Final.jar;C:\Users\Johns-Thomas\.m2\repository\jakarta\persistence\jakarta.persistence-api\3.1.0\jakarta.persistence-api-3.1.0.jar;C:\Users\Johns-Thomas\.m2\repository\jakarta\transaction\jakarta.transaction-api\2.0.1\jakarta.transaction-api-2.0.1.jar;C:\Users\Johns-Thomas\.m2\repository\org\jboss\logging\jboss-logging\3.5.3.Final\jboss-logging-3.5.3.Final.jar;C:\Users\Johns-Thomas\.m2\repository\org\hibernate\common\hibernate-commons-annotations\6.0.6.Final\hibernate-commons-annotations-6.0.6.Final.jar;C:\Users\Johns-Thomas\.m2\repository\io\smallrye\jandex\3.0.5\jandex-3.0.5.jar;C:\Users\Johns-Thomas\.m2\repository\com\fasterxml\classmate\1.5.1\classmate-1.5.1.jar;C:\Users\Johns-Thomas\.m2\repository\net\bytebuddy\byte-buddy\1.14.9\byte-buddy-1.14.9.jar;C:\Users\Johns-Thomas\.m2\repository\org\glassfish\jaxb\jaxb-runtime\4.0.3\jaxb-runtime-4.0.3.jar;C:\Users\Johns-Thomas\.m2\repository\org\glassfish\jaxb\jaxb-core\4.0.3\jaxb-core-4.0.3.jar;C:\Users\Johns-Thomas\.m2\repository\org\eclipse\angus\angus-activation\2.0.1\angus-activation-2.0.1.jar;C:\Users\Johns-Thomas\.m2\repository\org\glassfish\jaxb\txw2\4.0.3\txw2-4.0.3.jar;C:\Users\Johns-Thomas\.m2\repository\com\sun\istack\istack-commons-runtime\4.1.2\istack-commons-runtime-4.1.2.jar;C:\Users\Johns-Thomas\.m2\repository\jakarta\inject\jakarta.inject-api\2.0.1\jakarta.inject-api-2.0.1.jar;C:\Users\Johns-Thomas\.m2\repository\org\antlr\antlr4-runtime\4.10.1\antlr4-runtime-4.10.1.jar;C:\Users\Johns-Thomas\.m2\repository\org\springframework\data\spring-data-jpa\3.1.5\spring-data-jpa-3.1.5.jar;C:\Users\Johns-Thomas\.m2\repository\org\springframework\data\spring-data-commons\3.1.5\spring-data-commons-3.1.5.jar;C:\Users\Johns-Thomas\.m2\repository\org\springframework\spring-orm\6.0.13\spring-orm-6.0.13.jar;C:\Users\Johns-Thomas\.m2\repository\org\springframework\spring-context\6.0.13\spring-context-6.0.13.jar;C:\Users\Johns-Thomas\.m2\repository\org\springframework\spring-tx\6.0.13\spring-tx-6.0.13.jar;C:\Users\Johns-Thomas\.m2\repository\org\springframework\spring-beans\6.0.13\spring-beans-6.0.13.jar;C:\Users\Johns-Thomas\.m2\repository\jakarta\annotation\jakarta.annotation-api\2.1.1\jakarta.annotation-api-2.1.1.jar;C:\Users\Johns-Thomas\.m2\repository\org\slf4j\slf4j-api\2.0.9\slf4j-api-2.0.9.jar;C:\Users\Johns-Thomas\.m2\repository\org\springframework\spring-aspects\6.0.13\spring-aspects-6.0.13.jar;C:\Users\Johns-Thomas\.m2\repository\org\springframework\boot\spring-boot-starter-web\3.1.5\spring-boot-starter-web-3.1.5.jar;C:\Users\Johns-Thomas\.m2\repository\org\springframework\boot\spring-boot-starter\3.1.5\spring-boot-starter-3.1.5.jar;C:\Users\Johns-Thomas\.m2\repository\org\springframework\boot\spring-boot-starter-logging\3.1.5\spring-boot-starter-logging-3.1.5.jar;C:\Users\Johns-Thomas\.m2\repository\ch\qos\logback\logback-classic\1.4.11\logback-classic-1.4.11.jar;C:\Users\Johns-Thomas\.m2\repository\ch\qos\logback\logback-core\1.4.11\logback-core-1.4.11.jar;C:\Users\Johns-Thomas\.m2\repository\org\apache\logging\log4j\log4j-to-slf4j\2.20.0\log4j-to-slf4j-2.20.0.jar;C:\Users\Johns-Thomas\.m2\repository\org\apache\logging\log4j\log4j-api\2.20.0\log4j-api-2.20.0.jar;C:\Users\Johns-Thomas\.m2\repository\org\slf4j\jul-to-slf4j\2.0.9\jul-to-slf4j-2.0.9.jar;C:\Users\Johns-Thomas\.m2\repository\org\yaml\snakeyaml\1.33\snakeyaml-1.33.jar;C:\Users\Johns-Thomas\.m2\repository\org\springframework\boot\spring-boot-starter-json\3.1.5\spring-boot-starter-json-3.1.5.jar;C:\Users\Johns-Thomas\.m2\repository\com\fasterxml\jackson\datatype\jackson-datatype-jdk8\2.15.3\jackson-datatype-jdk8-2.15.3.jar;C:\Users\Johns-Thomas\.m2\repository\com\fasterxml\jackson\datatype\jackson-datatype-jsr310\2.15.3\jackson-datatype-jsr310-2.15.3.jar;C:\Users\Johns-Thomas\.m2\repository\com\fasterxml\jackson\module\jackson-module-parameter-names\2.15.3\jackson-module-parameter-names-2.15.3.jar;C:\Users\Johns-Thomas\.m2\repository\org\springframework\boot\spring-boot-starter-tomcat\3.1.5\spring-boot-starter-tomcat-3.1.5.jar;C:\Users\Johns-Thomas\.m2\repository\org\apache\tomcat\embed\tomcat-embed-core\10.1.15\tomcat-embed-core-10.1.15.jar;C:\Users\Johns-Thomas\.m2\repository\org\apache\tomcat\embed\tomcat-embed-el\10.1.15\tomcat-embed-el-10.1.15.jar;C:\Users\Johns-Thomas\.m2\repository\org\apache\tomcat\embed\tomcat-embed-websocket\10.1.15\tomcat-embed-websocket-10.1.15.jar;C:\Users\Johns-Thomas\.m2\repository\org\springframework\spring-web\6.0.13\spring-web-6.0.13.jar;C:\Users\Johns-Thomas\.m2\repository\io\micrometer\micrometer-observation\1.11.5\micrometer-observation-1.11.5.jar;C:\Users\Johns-Thomas\.m2\repository\io\micrometer\micrometer-commons\1.11.5\micrometer-commons-1.11.5.jar;C:\Users\Johns-Thomas\.m2\repository\org\springframework\spring-webmvc\6.0.13\spring-webmvc-6.0.13.jar;C:\Users\Johns-Thomas\.m2\repository\org\springframework\spring-expression\6.0.13\spring-expression-6.0.13.jar;C:\Users\Johns-Thomas\.m2\repository\org\springframework\boot\spring-boot-starter-security\3.1.5\spring-boot-starter-security-3.1.5.jar;C:\Users\Johns-Thomas\.m2\repository\org\springframework\spring-aop\6.0.13\spring-aop-6.0.13.jar;C:\Users\Johns-Thomas\.m2\repository\org\springframework\security\spring-security-config\6.1.5\spring-security-config-6.1.5.jar;C:\Users\Johns-Thomas\.m2\repository\org\springframework\security\spring-security-web\6.1.5\spring-security-web-6.1.5.jar;C:\Users\Johns-Thomas\.m2\repository\org\postgresql\postgresql\42.6.0\postgresql-42.6.0.jar;C:\Users\Johns-Thomas\.m2\repository\org\checkerframework\checker-qual\3.31.0\checker-qual-3.31.0.jar;C:\Users\Johns-Thomas\.m2\repository\org\springframework\boot\spring-boot-devtools\3.1.5\spring-boot-devtools-3.1.5.jar;C:\Users\Johns-Thomas\.m2\repository\org\springframework\boot\spring-boot\3.1.5\spring-boot-3.1.5.jar;C:\Users\Johns-Thomas\.m2\repository\org\springframework\boot\spring-boot-autoconfigure\3.1.5\spring-boot-autoconfigure-3.1.5.jar;C:\Users\Johns-Thomas\.m2\repository\org\projectlombok\lombok\1.18.30\lombok-1.18.30.jar;C:\Users\Johns-Thomas\.m2\repository\org\springframework\boot\spring-boot-starter-test\3.1.5\spring-boot-starter-test-3.1.5.jar;C:\Users\Johns-Thomas\.m2\repository\org\springframework\boot\spring-boot-test\3.1.5\spring-boot-test-3.1.5.jar;C:\Users\Johns-Thomas\.m2\repository\org\springframework\boot\spring-boot-test-autoconfigure\3.1.5\spring-boot-test-autoconfigure-3.1.5.jar;C:\Users\Johns-Thomas\.m2\repository\com\jayway\jsonpath\json-path\2.8.0\json-path-2.8.0.jar;C:\Users\Johns-Thomas\.m2\repository\jakarta\xml\bind\jakarta.xml.bind-api\4.0.1\jakarta.xml.bind-api-4.0.1.jar;C:\Users\Johns-Thomas\.m2\repository\jakarta\activation\jakarta.activation-api\2.1.2\jakarta.activation-api-2.1.2.jar;C:\Users\Johns-Thomas\.m2\repository\net\minidev\json-smart\2.4.11\json-smart-2.4.11.jar;C:\Users\Johns-Thomas\.m2\repository\net\minidev\accessors-smart\2.4.11\accessors-smart-2.4.11.jar;C:\Users\Johns-Thomas\.m2\repository\org\ow2\asm\asm\9.3\asm-9.3.jar;C:\Users\Johns-Thomas\.m2\repository\org\assertj\assertj-core\3.24.2\assertj-core-3.24.2.jar;C:\Users\Johns-Thomas\.m2\repository\org\hamcrest\hamcrest\2.2\hamcrest-2.2.jar;C:\Users\Johns-Thomas\.m2\repository\org\junit\jupiter\junit-jupiter\5.9.3\junit-jupiter-5.9.3.jar;C:\Users\Johns-Thomas\.m2\repository\org\junit\jupiter\junit-jupiter-api\5.9.3\junit-jupiter-api-5.9.3.jar;C:\Users\Johns-Thomas\.m2\repository\org\opentest4j\opentest4j\1.2.0\opentest4j-1.2.0.jar;C:\Users\Johns-Thomas\.m2\repository\org\junit\platform\junit-platform-commons\1.9.3\junit-platform-commons-1.9.3.jar;C:\Users\Johns-Thomas\.m2\repository\org\apiguardian\apiguardian-api\1.1.2\apiguardian-api-1.1.2.jar;C:\Users\Johns-Thomas\.m2\repository\org\junit\jupiter\junit-jupiter-params\5.9.3\junit-jupiter-params-5.9.3.jar;C:\Users\Johns-Thomas\.m2\repository\org\junit\jupiter\junit-jupiter-engine\5.9.3\junit-jupiter-engine-5.9.3.jar;C:\Users\Johns-Thomas\.m2\repository\org\junit\platform\junit-platform-engine\1.9.3\junit-platform-engine-1.9.3.jar;C:\Users\Johns-Thomas\.m2\repository\org\mockito\mockito-core\5.3.1\mockito-core-5.3.1.jar;C:\Users\Johns-Thomas\.m2\repository\net\bytebuddy\byte-buddy-agent\1.14.9\byte-buddy-agent-1.14.9.jar;C:\Users\Johns-Thomas\.m2\repository\org\objenesis\objenesis\3.3\objenesis-3.3.jar;C:\Users\Johns-Thomas\.m2\repository\org\mockito\mockito-junit-jupiter\5.3.1\mockito-junit-jupiter-5.3.1.jar;C:\Users\Johns-Thomas\.m2\repository\org\skyscreamer\jsonassert\1.5.1\jsonassert-1.5.1.jar;C:\Users\Johns-Thomas\.m2\repository\com\vaadin\external\google\android-json\0.0.20131108.vaadin1\android-json-0.0.20131108.vaadin1.jar;C:\Users\Johns-Thomas\.m2\repository\org\springframework\spring-core\6.0.13\spring-core-6.0.13.jar;C:\Users\Johns-Thomas\.m2\repository\org\springframework\spring-jcl\6.0.13\spring-jcl-6.0.13.jar;C:\Users\Johns-Thomas\.m2\repository\org\springframework\spring-test\6.0.13\spring-test-6.0.13.jar;C:\Users\Johns-Thomas\.m2\repository\org\xmlunit\xmlunit-core\2.9.1\xmlunit-core-2.9.1.jar;C:\Users\Johns-Thomas\.m2\repository\org\springframework\security\spring-security-test\6.1.5\spring-security-test-6.1.5.jar;C:\Users\Johns-Thomas\.m2\repository\org\springframework\security\spring-security-core\6.1.5\spring-security-core-6.1.5.jar;C:\Users\Johns-Thomas\.m2\repository\org\springframework\security\spring-security-crypto\6.1.5\spring-security-crypto-6.1.5.jar;C:\Users\Johns-Thomas\.m2\repository\io\jsonwebtoken\jjwt-api\0.11.5\jjwt-api-0.11.5.jar;C:\Users\Johns-Thomas\.m2\repository\io\jsonwebtoken\jjwt-impl\0.11.5\jjwt-impl-0.11.5.jar;C:\Users\Johns-Thomas\.m2\repository\io\jsonwebtoken\jjwt-jackson\0.11.5\jjwt-jackson-0.11.5.jar;C:\Users\Johns-Thomas\.m2\repository\com\fasterxml\jackson\core\jackson-databind\2.15.3\jackson-databind-2.15.3.jar;C:\Users\Johns-Thomas\.m2\repository\com\fasterxml\jackson\core\jackson-annotations\2.15.3\jackson-annotations-2.15.3.jar;C:\Users\Johns-Thomas\.m2\repository\com\fasterxml\jackson\core\jackson-core\2.15.3\jackson-core-2.15.3.jar;D:\master\cloud platform programming\CPP-project\booking-app\booking-app\libs\aws-utility-1.0-SNAPSHOT.jar;C:\Users\Johns-Thomas\.m2\repository\software\amazon\awssdk\s3\2.21.19\s3-2.21.19.jar;C:\Users\Johns-Thomas\.m2\repository\software\amazon\awssdk\aws-xml-protocol\2.21.19\aws-xml-protocol-2.21.19.jar;C:\Users\Johns-Thomas\.m2\repository\software\amazon\awssdk\protocol-core\2.21.19\protocol-core-2.21.19.jar;C:\Users\Johns-Thomas\.m2\repository\software\amazon\awssdk\arns\2.21.19\arns-2.21.19.jar;C:\Users\Johns-Thomas\.m2\repository\software\amazon\awssdk\profiles\2.21.19\profiles-2.21.19.jar;C:\Users\Johns-Thomas\.m2\repository\software\amazon\awssdk\crt-core\2.21.19\crt-core-2.21.19.jar;C:\Users\Johns-Thomas\.m2\repository\software\amazon\awssdk\http-auth\2.21.19\http-auth-2.21.19.jar;C:\Users\Johns-Thomas\.m2\repository\software\amazon\awssdk\identity-spi\2.21.19\identity-spi-2.21.19.jar;C:\Users\Johns-Thomas\.m2\repository\software\amazon\awssdk\http-auth-spi\2.21.19\http-auth-spi-2.21.19.jar;C:\Users\Johns-Thomas\.m2\repository\org\reactivestreams\reactive-streams\1.0.4\reactive-streams-1.0.4.jar;C:\Users\Johns-Thomas\.m2\repository\software\amazon\awssdk\http-auth-aws\2.21.19\http-auth-aws-2.21.19.jar;C:\Users\Johns-Thomas\.m2\repository\software\amazon\awssdk\checksums-spi\2.21.19\checksums-spi-2.21.19.jar;C:\Users\Johns-Thomas\.m2\repository\software\amazon\awssdk\checksums\2.21.19\checksums-2.21.19.jar;C:\Users\Johns-Thomas\.m2\repository\software\amazon\awssdk\sdk-core\2.21.19\sdk-core-2.21.19.jar;C:\Users\Johns-Thomas\.m2\repository\software\amazon\awssdk\auth\2.21.19\auth-2.21.19.jar;C:\Users\Johns-Thomas\.m2\repository\software\amazon\eventstream\eventstream\1.0.1\eventstream-1.0.1.jar;C:\Users\Johns-Thomas\.m2\repository\software\amazon\awssdk\http-client-spi\2.21.19\http-client-spi-2.21.19.jar;C:\Users\Johns-Thomas\.m2\repository\software\amazon\awssdk\regions\2.21.19\regions-2.21.19.jar;C:\Users\Johns-Thomas\.m2\repository\software\amazon\awssdk\annotations\2.21.19\annotations-2.21.19.jar;C:\Users\Johns-Thomas\.m2\repository\software\amazon\awssdk\utils\2.21.19\utils-2.21.19.jar;C:\Users\Johns-Thomas\.m2\repository\software\amazon\awssdk\aws-core\2.21.19\aws-core-2.21.19.jar;C:\Users\Johns-Thomas\.m2\repository\software\amazon\awssdk\metrics-spi\2.21.19\metrics-spi-2.21.19.jar;C:\Users\Johns-Thomas\.m2\repository\software\amazon\awssdk\json-utils\2.21.19\json-utils-2.21.19.jar;C:\Users\Johns-Thomas\.m2\repository\software\amazon\awssdk\third-party-jackson-core\2.21.19\third-party-jackson-core-2.21.19.jar;C:\Users\Johns-Thomas\.m2\repository\software\amazon\awssdk\endpoints-spi\2.21.19\endpoints-spi-2.21.19.jar;C:\Users\Johns-Thomas\.m2\repository\software\amazon\awssdk\apache-client\2.21.19\apache-client-2.21.19.jar;C:\Users\Johns-Thomas\.m2\repository\org\apache\httpcomponents\httpclient\4.5.13\httpclient-4.5.13.jar;C:\Users\Johns-Thomas\.m2\repository\commons-logging\commons-logging\1.2\commons-logging-1.2.jar;C:\Users\Johns-Thomas\.m2\repository\org\apache\httpcomponents\httpcore\4.4.16\httpcore-4.4.16.jar;C:\Users\Johns-Thomas\.m2\repository\commons-codec\commons-codec\1.15\commons-codec-1.15.jar;C:\Users\Johns-Thomas\.m2\repository\software\amazon\awssdk\netty-nio-client\2.21.19\netty-nio-client-2.21.19.jar;C:\Users\Johns-Thomas\.m2\repository\io\netty\netty-codec-http\4.1.100.Final\netty-codec-http-4.1.100.Final.jar;C:\Users\Johns-Thomas\.m2\repository\io\netty\netty-codec-http2\4.1.100.Final\netty-codec-http2-4.1.100.Final.jar;C:\Users\Johns-Thomas\.m2\repository\io\netty\netty-codec\4.1.100.Final\netty-codec-4.1.100.Final.jar;C:\Users\Johns-Thomas\.m2\repository\io\netty\netty-transport\4.1.100.Final\netty-transport-4.1.100.Final.jar;C:\Users\Johns-Thomas\.m2\repository\io\netty\netty-common\4.1.100.Final\netty-common-4.1.100.Final.jar;C:\Users\Johns-Thomas\.m2\repository\io\netty\netty-buffer\4.1.100.Final\netty-buffer-4.1.100.Final.jar;C:\Users\Johns-Thomas\.m2\repository\io\netty\netty-handler\4.1.100.Final\netty-handler-4.1.100.Final.jar;C:\Users\Johns-Thomas\.m2\repository\io\netty\netty-transport-native-unix-common\4.1.100.Final\netty-transport-native-unix-common-4.1.100.Final.jar;C:\Users\Johns-Thomas\.m2\repository\io\netty\netty-transport-classes-epoll\4.1.100.Final\netty-transport-classes-epoll-4.1.100.Final.jar;C:\Users\Johns-Thomas\.m2\repository\io\netty\netty-resolver\4.1.100.Final\netty-resolver-4.1.100.Final.jar;C:\Users\Johns-Thomas\.m2\repository\software\amazon\awssdk\sqs\2.21.19\sqs-2.21.19.jar;C:\Users\Johns-Thomas\.m2\repository\software\amazon\awssdk\aws-json-protocol\2.21.19\aws-json-protocol-2.21.19.jar;C:\Users\Johns-Thomas\.m2\repository\software\amazon\awssdk\sns\2.21.19\sns-2.21.19.jar;C:\Users\Johns-Thomas\.m2\repository\software\amazon\awssdk\aws-query-protocol\2.21.19\aws-query-protocol-2.21.19.jar;"/>
    <property name="sun.cpu.endian" value="little"/>
    <property name="user.home" value="C:\Users\Johns-Thomas"/>
    <property name="user.language" value="en"/>
    <property name="java.specification.vendor" value="Oracle Corporation"/>
    <property name="java.version.date" value="2023-10-17"/>
    <property name="java.home" value="C:\Program Files\Java\jdk-17"/>
    <property name="file.separator" value="\"/>
    <property name="basedir" value="D:\master\cloud platform programming\CPP-project\booking-app\booking-app"/>
    <property name="java.vm.compressedOopsMode" value="32-bit"/>
    <property name="line.separator" value="&#10;"/>
    <property name="java.vm.specification.vendor" value="Oracle Corporation"/>
    <property name="java.specification.name" value="Java Platform API Specification"/>
    <property name="FILE_LOG_CHARSET" value="windows-1252"/>
    <property name="java.awt.headless" value="true"/>
    <property name="surefire.real.class.path" value="C:\Users\Johns-Thomas\AppData\Local\Temp\surefire17674889949893710417\surefirebooter-20231128141446688_3.jar"/>
    <property name="user.script" value=""/>
    <property name="sun.management.compiler" value="HotSpot 64-Bit Tiered Compilers"/>
    <property name="java.runtime.version" value="17.0.9+11-LTS-201"/>
    <property name="user.name" value="Johns-Thomas"/>
    <property name="path.separator" value=";"/>
    <property name="os.version" value="10.0"/>
    <property name="java.runtime.name" value="Java(TM) SE Runtime Environment"/>
    <property name="file.encoding" value="Cp1252"/>
    <property name="java.vm.name" value="Java HotSpot(TM) 64-Bit Server VM"/>
    <property name="localRepository" value="C:\Users\Johns-Thomas\.m2\repository"/>
    <property name="java.vendor.url.bug" value="https://bugreport.java.com/bugreport/"/>
    <property name="java.io.tmpdir" value="C:\Users\JOHNS-~1\AppData\Local\Temp\"/>
    <property name="idea.version" value="2021.3.4"/>
    <property name="com.zaxxer.hikari.pool_number" value="1"/>
    <property name="java.version" value="17.0.9"/>
    <property name="user.dir" value="D:\master\cloud platform programming\CPP-project\booking-app\booking-app"/>
    <property name="os.arch" value="amd64"/>
    <property name="java.vm.specification.name" value="Java Virtual Machine Specification"/>
    <property name="PID" value="15072"/>
    <property name="sun.os.patch.level" value=""/>
    <property name="CONSOLE_LOG_CHARSET" value="windows-1252"/>
    <property name="native.encoding" value="Cp1252"/>
    <property name="java.library.path" value="C:\Program Files\Java\jdk-17\bin;C:\WINDOWS\Sun\Java\bin;C:\WINDOWS\system32;C:\WINDOWS;C:\Program Files\Common Files\Oracle\Java\javapath;C:\Windows\system32;C:\Windows;C:\Windows\System32\Wbem;C:\Windows\System32\WindowsPowerShell\v1.0\;C:\Windows\System32\OpenSSH\;C:\Program Files (x86)\NVIDIA Corporation\PhysX\Common;C:\WINDOWS\system32;C:\WINDOWS;C:\WINDOWS\System32\Wbem;C:\WINDOWS\System32\WindowsPowerShell\v1.0\;C:\WINDOWS\System32\OpenSSH\;C:\users\johns-thomas\appdata\roaming\python\python38\site-packages\cmake\data\bin;E:\flutter\bin;C:\Program Files\Git\cmd;E:\apps\apache-maven-3.8.4\bin;C:\Program Files\Java\jdk-17\bin;C:\Program Files (x86)\Gpg4win\..\GnuPG\bin;C:\Program Files\nodejs\;C:\Users\Johns-Thomas\AppData\Local\Programs\Python\Python311\Scripts\;C:\Users\Johns-Thomas\AppData\Local\Programs\Python\Python311\;C:\Users\Johns-Thomas\AppData\Local\Microsoft\WindowsApps;C:\Users\Johns-Thomas\AppData\Local\Programs\Microsoft VS Code\bin;E:\apps\IntelliJ IDEA Educational Edition 2021.3.1\bin;;C:\Tex\miketex\miktex\bin\x64\;C:\Users\Johns-Thomas\AppData\Roaming\npm;."/>
    <property name="java.vm.info" value="mixed mode, sharing"/>
    <property name="java.vendor" value="Oracle Corporation"/>
    <property name="java.vm.version" value="17.0.9+11-LTS-201"/>
    <property name="sun.io.unicode.encoding" value="UnicodeLittle"/>
    <property name="java.class.version" value="61.0"/>
  </properties>
  <testcase name="contextLoads" classname="com.project.app.booking.BookingAppApplicationTests" time="0.66">
    <system-out><![CDATA[14:14:47.817 [main] INFO org.springframework.test.context.support.AnnotationConfigContextLoaderUtils -- Could not detect default configuration classes for test class [com.project.app.booking.BookingAppApplicationTests]: BookingAppApplicationTests does not declare any static, non-private, non-final, nested classes annotated with @Configuration.
14:14:47.974 [main] INFO org.springframework.boot.test.context.SpringBootTestContextBootstrapper -- Found @SpringBootConfiguration com.project.app.booking.BookingAppApplication for test class com.project.app.booking.BookingAppApplicationTests
14:14:48.247 [main] INFO org.springframework.boot.devtools.restart.RestartApplicationListener -- Restart disabled due to context in which it is running

  .   ____          _            __ _ _
 /\\ / ___'_ __ _ _(_)_ __  __ _ \ \ \ \
( ( )\___ | '_ | '_| | '_ \/ _` | \ \ \ \
 \\/  ___)| |_)| | | | | || (_| |  ) ) ) )
  '  |____| .__|_| |_|_| |_\__, | / / / /
 =========|_|==============|___/=/_/_/_/
 :: Spring Boot ::                (v3.1.5)

2023-11-28T14:14:48.658Z  INFO 15072 --- [           main] c.p.a.b.BookingAppApplicationTests       : Starting BookingAppApplicationTests using Java 17.0.9 with PID 15072 (started by Johns-Thomas in D:\master\cloud platform programming\CPP-project\booking-app\booking-app)
2023-11-28T14:14:48.658Z  INFO 15072 --- [           main] c.p.a.b.BookingAppApplicationTests       : No active profile set, falling back to 1 default profile: "default"
2023-11-28T14:14:49.692Z  INFO 15072 --- [           main] .s.d.r.c.RepositoryConfigurationDelegate : Bootstrapping Spring Data JPA repositories in DEFAULT mode.
2023-11-28T14:14:49.801Z  INFO 15072 --- [           main] .s.d.r.c.RepositoryConfigurationDelegate : Finished Spring Data repository scanning in 98 ms. Found 4 JPA repository interfaces.
2023-11-28T14:14:50.492Z  INFO 15072 --- [           main] o.hibernate.jpa.internal.util.LogHelper  : HHH000204: Processing PersistenceUnitInfo [name: default]
2023-11-28T14:14:50.602Z  INFO 15072 --- [           main] org.hibernate.Version                    : HHH000412: Hibernate ORM core version 6.2.13.Final
2023-11-28T14:14:50.602Z  INFO 15072 --- [           main] org.hibernate.cfg.Environment            : HHH000406: Using bytecode reflection optimizer
2023-11-28T14:14:51.072Z  INFO 15072 --- [           main] o.s.o.j.p.SpringPersistenceUnitInfo      : No LoadTimeWeaver setup: ignoring JPA class transformer
2023-11-28T14:14:51.119Z  INFO 15072 --- [           main] com.zaxxer.hikari.HikariDataSource       : HikariPool-1 - Starting...
2023-11-28T14:14:52.061Z  INFO 15072 --- [           main] com.zaxxer.hikari.pool.HikariPool        : HikariPool-1 - Added connection org.postgresql.jdbc.PgConnection@27d98bef
2023-11-28T14:14:52.061Z  INFO 15072 --- [           main] com.zaxxer.hikari.HikariDataSource       : HikariPool-1 - Start completed.
2023-11-28T14:14:52.155Z  WARN 15072 --- [           main] org.hibernate.orm.deprecation            : HHH90000025: PostgreSQLDialect does not need to be specified explicitly using 'hibernate.dialect' (remove the property setting and it will be selected by default)
2023-11-28T14:14:53.542Z  INFO 15072 --- [           main] o.h.e.t.j.p.i.JtaPlatformInitiator       : HHH000489: No JTA platform available (set 'hibernate.transaction.jta.platform' to enable JTA platform integration)
2023-11-28T14:14:56.106Z  INFO 15072 --- [           main] j.LocalContainerEntityManagerFactoryBean : Initialized JPA EntityManagerFactory for persistence unit 'default'
2023-11-28T14:14:56.952Z  WARN 15072 --- [           main] s.a.a.p.internal.ProfileFileReader       : Warning: Duplicate property 'aws_access_key_id' detected on line 26. The later one in the file will be used.
2023-11-28T14:14:56.952Z  WARN 15072 --- [           main] s.a.a.p.internal.ProfileFileReader       : Warning: Duplicate property 'aws_secret_access_key' detected on line 27. The later one in the file will be used.
2023-11-28T14:14:57.658Z  INFO 15072 --- [           main] o.s.d.j.r.query.QueryEnhancerFactory     : Hibernate is in classpath; If applicable, HQL parser will be used.
2023-11-28T14:14:58.270Z  WARN 15072 --- [           main] s.a.a.p.internal.ProfileFileReader       : Warning: Duplicate property 'aws_access_key_id' detected on line 26. The later one in the file will be used.
2023-11-28T14:14:58.270Z  WARN 15072 --- [           main] s.a.a.p.internal.ProfileFileReader       : Warning: Duplicate property 'aws_secret_access_key' detected on line 27. The later one in the file will be used.
2023-11-28T14:14:58.694Z  WARN 15072 --- [           main] s.a.a.p.internal.ProfileFileReader       : Warning: Duplicate property 'aws_access_key_id' detected on line 26. The later one in the file will be used.
2023-11-28T14:14:58.694Z  WARN 15072 --- [           main] s.a.a.p.internal.ProfileFileReader       : Warning: Duplicate property 'aws_secret_access_key' detected on line 27. The later one in the file will be used.
2023-11-28T14:14:58.882Z  WARN 15072 --- [           main] JpaBaseConfiguration$JpaWebConfiguration : spring.jpa.open-in-view is enabled by default. Therefore, database queries may be performed during view rendering. Explicitly configure spring.jpa.open-in-view to disable this warning
2023-11-28T14:14:59.102Z  INFO 15072 --- [           main] o.s.s.web.DefaultSecurityFilterChain     : Will secure any request with [org.springframework.security.web.session.DisableEncodeUrlFilter@5e59844f, org.springframework.security.web.context.request.async.WebAsyncManagerIntegrationFilter@28cfbcc, org.springframework.security.web.context.SecurityContextHolderFilter@7734695d, org.springframework.security.web.header.HeaderWriterFilter@23317e8a, org.springframework.security.web.authentication.logout.LogoutFilter@20fdf45a, com.project.app.booking.config.JwtSecurityCustomFilter@1d7d968c, org.springframework.security.web.savedrequest.RequestCacheAwareFilter@4e67f0a0, org.springframework.security.web.servletapi.SecurityContextHolderAwareRequestFilter@12b2fcaf, org.springframework.security.web.authentication.AnonymousAuthenticationFilter@67bf393c, org.springframework.security.web.session.SessionManagementFilter@73e21fb5, org.springframework.security.web.access.ExceptionTranslationFilter@53e6b541, org.springframework.security.web.access.intercept.AuthorizationFilter@5aa0d535]
2023-11-28T14:14:59.901Z  INFO 15072 --- [           main] c.p.a.b.BookingAppApplicationTests       : Started BookingAppApplicationTests in 11.675 seconds (process running for 13.042)
]]></system-out>
  </testcase>
</testsuite>